This file contains any messages produced by compilers while
running configure, to aid debugging if configure makes a mistake.

It was created by SphinxTrain configure 5prealpha, which was
generated by GNU Autoconf 2.69.  Invocation command line was

  $ ./configure 

## --------- ##
## Platform. ##
## --------- ##

hostname = CC-samiksha-D
uname -m = x86_64
uname -r = 4.2.0-16-generic
uname -s = Linux
uname -v = #19-Ubuntu SMP Thu Oct 8 15:35:06 UTC 2015

/usr/bin/uname -p = unknown
/bin/uname -X     = unknown

/bin/arch              = unknown
/usr/bin/arch -k       = unknown
/usr/convex/getsysinfo = unknown
/usr/bin/hostinfo      = unknown
/bin/machine           = unknown
/usr/bin/oslevel       = unknown
/bin/universe          = unknown

PATH: /usr/local/sbin
PATH: /usr/local/bin
PATH: /usr/sbin
PATH: /usr/bin
PATH: /sbin
PATH: /bin
PATH: /usr/games
PATH: /usr/local/games


## ----------- ##
## Core tests. ##
## ----------- ##

configure:2499: checking for a BSD-compatible install
configure:2567: result: /usr/bin/install -c
configure:2578: checking whether build environment is sane
configure:2633: result: yes
configure:2784: checking for a thread-safe mkdir -p
configure:2823: result: /bin/mkdir -p
configure:2830: checking for gawk
configure:2860: result: no
configure:2830: checking for mawk
configure:2846: found /usr/bin/mawk
configure:2857: result: mawk
configure:2868: checking whether make sets $(MAKE)
configure:2890: result: yes
configure:2919: checking whether make supports nested variables
configure:2936: result: yes
configure:3059: checking build system type
configure:3073: result: x86_64-unknown-linux-gnu
configure:3093: checking host system type
configure:3106: result: x86_64-unknown-linux-gnu
configure:3175: checking for gcc
configure:3191: found /usr/bin/gcc
configure:3202: result: gcc
configure:3431: checking for C compiler version
configure:3440: gcc --version >&5
gcc (Ubuntu 5.2.1-22ubuntu2) 5.2.1 20151010
Copyright (C) 2015 Free Software Foundation, Inc.
This is free software; see the source for copying conditions.  There is NO
warranty; not even for MERCHANTABILITY or FITNESS FOR A PARTICULAR PURPOSE.

configure:3451: $? = 0
configure:3440: gcc -v >&5
Using built-in specs.
COLLECT_GCC=gcc
COLLECT_LTO_WRAPPER=/usr/lib/gcc/x86_64-linux-gnu/5/lto-wrapper
Target: x86_64-linux-gnu
Configured with: ../src/configure -v --with-pkgversion='Ubuntu 5.2.1-22ubuntu2' --with-bugurl=file:///usr/share/doc/gcc-5/README.Bugs --enable-languages=c,ada,c++,java,go,d,fortran,objc,obj-c++ --prefix=/usr --program-suffix=-5 --enable-shared --enable-linker-build-id --libexecdir=/usr/lib --without-included-gettext --enable-threads=posix --libdir=/usr/lib --enable-nls --with-sysroot=/ --enable-clocale=gnu --enable-libstdcxx-debug --enable-libstdcxx-time=yes --with-default-libstdcxx-abi=new --enable-gnu-unique-object --disable-vtable-verify --enable-libmpx --enable-plugin --with-system-zlib --disable-browser-plugin --enable-java-awt=gtk --enable-gtk-cairo --with-java-home=/usr/lib/jvm/java-1.5.0-gcj-5-amd64/jre --enable-java-home --with-jvm-root-dir=/usr/lib/jvm/java-1.5.0-gcj-5-amd64 --with-jvm-jar-dir=/usr/lib/jvm-exports/java-1.5.0-gcj-5-amd64 --with-arch-directory=amd64 --with-ecj-jar=/usr/share/java/eclipse-ecj.jar --enable-objc-gc --enable-multiarch --disable-werror --with-arch-32=i686 --with-abi=m64 --with-multilib-list=m32,m64,mx32 --enable-multilib --with-tune=generic --enable-checking=release --build=x86_64-linux-gnu --host=x86_64-linux-gnu --target=x86_64-linux-gnu
Thread model: posix
gcc version 5.2.1 20151010 (Ubuntu 5.2.1-22ubuntu2) 
configure:3451: $? = 0
configure:3440: gcc -V >&5
gcc: error: unrecognized command line option '-V'
gcc: fatal error: no input files
compilation terminated.
configure:3451: $? = 1
configure:3440: gcc -qversion >&5
gcc: error: unrecognized command line option '-qversion'
gcc: fatal error: no input files
compilation terminated.
configure:3451: $? = 1
configure:3471: checking whether the C compiler works
configure:3493: gcc    conftest.c  >&5
configure:3497: $? = 0
configure:3545: result: yes
configure:3548: checking for C compiler default output file name
configure:3550: result: a.out
configure:3556: checking for suffix of executables
configure:3563: gcc -o conftest    conftest.c  >&5
configure:3567: $? = 0
configure:3589: result: 
configure:3611: checking whether we are cross compiling
configure:3619: gcc -o conftest    conftest.c  >&5
configure:3623: $? = 0
configure:3630: ./conftest
configure:3634: $? = 0
configure:3649: result: no
configure:3654: checking for suffix of object files
configure:3676: gcc -c   conftest.c >&5
configure:3680: $? = 0
configure:3701: result: o
configure:3705: checking whether we are using the GNU C compiler
configure:3724: gcc -c   conftest.c >&5
configure:3724: $? = 0
configure:3733: result: yes
configure:3742: checking whether gcc accepts -g
configure:3762: gcc -c -g  conftest.c >&5
configure:3762: $? = 0
configure:3803: result: yes
configure:3820: checking for gcc option to accept ISO C89
configure:3883: gcc  -c -g -O2  conftest.c >&5
configure:3883: $? = 0
configure:3896: result: none needed
configure:3921: checking whether gcc understands -c and -o together
configure:3943: gcc -c conftest.c -o conftest2.o
configure:3946: $? = 0
configure:3943: gcc -c conftest.c -o conftest2.o
configure:3946: $? = 0
configure:3958: result: yes
configure:3986: checking for style of include used by make
configure:4014: result: GNU
configure:4040: checking dependency style of gcc
configure:4151: result: gcc3
configure:4224: checking for g++
configure:4240: found /usr/bin/g++
configure:4251: result: g++
configure:4278: checking for C++ compiler version
configure:4287: g++ --version >&5
g++ (Ubuntu 5.2.1-22ubuntu2) 5.2.1 20151010
Copyright (C) 2015 Free Software Foundation, Inc.
This is free software; see the source for copying conditions.  There is NO
warranty; not even for MERCHANTABILITY or FITNESS FOR A PARTICULAR PURPOSE.

configure:4298: $? = 0
configure:4287: g++ -v >&5
Using built-in specs.
COLLECT_GCC=g++
COLLECT_LTO_WRAPPER=/usr/lib/gcc/x86_64-linux-gnu/5/lto-wrapper
Target: x86_64-linux-gnu
Configured with: ../src/configure -v --with-pkgversion='Ubuntu 5.2.1-22ubuntu2' --with-bugurl=file:///usr/share/doc/gcc-5/README.Bugs --enable-languages=c,ada,c++,java,go,d,fortran,objc,obj-c++ --prefix=/usr --program-suffix=-5 --enable-shared --enable-linker-build-id --libexecdir=/usr/lib --without-included-gettext --enable-threads=posix --libdir=/usr/lib --enable-nls --with-sysroot=/ --enable-clocale=gnu --enable-libstdcxx-debug --enable-libstdcxx-time=yes --with-default-libstdcxx-abi=new --enable-gnu-unique-object --disable-vtable-verify --enable-libmpx --enable-plugin --with-system-zlib --disable-browser-plugin --enable-java-awt=gtk --enable-gtk-cairo --with-java-home=/usr/lib/jvm/java-1.5.0-gcj-5-amd64/jre --enable-java-home --with-jvm-root-dir=/usr/lib/jvm/java-1.5.0-gcj-5-amd64 --with-jvm-jar-dir=/usr/lib/jvm-exports/java-1.5.0-gcj-5-amd64 --with-arch-directory=amd64 --with-ecj-jar=/usr/share/java/eclipse-ecj.jar --enable-objc-gc --enable-multiarch --disable-werror --with-arch-32=i686 --with-abi=m64 --with-multilib-list=m32,m64,mx32 --enable-multilib --with-tune=generic --enable-checking=release --build=x86_64-linux-gnu --host=x86_64-linux-gnu --target=x86_64-linux-gnu
Thread model: posix
gcc version 5.2.1 20151010 (Ubuntu 5.2.1-22ubuntu2) 
configure:4298: $? = 0
configure:4287: g++ -V >&5
g++: error: unrecognized command line option '-V'
g++: fatal error: no input files
compilation terminated.
configure:4298: $? = 1
configure:4287: g++ -qversion >&5
g++: error: unrecognized command line option '-qversion'
g++: fatal error: no input files
compilation terminated.
configure:4298: $? = 1
configure:4302: checking whether we are using the GNU C++ compiler
configure:4321: g++ -c   conftest.cpp >&5
configure:4321: $? = 0
configure:4330: result: yes
configure:4339: checking whether g++ accepts -g
configure:4359: g++ -c -g  conftest.cpp >&5
configure:4359: $? = 0
configure:4400: result: yes
configure:4425: checking dependency style of g++
configure:4536: result: gcc3
configure:4557: checking how to run the C preprocessor
configure:4588: gcc -E  conftest.c
configure:4588: $? = 0
configure:4602: gcc -E  conftest.c
conftest.c:9:28: fatal error: ac_nonexistent.h: No such file or directory
compilation terminated.
configure:4602: $? = 1
configure: failed program was:
| /* confdefs.h */
| #define PACKAGE_NAME "SphinxTrain"
| #define PACKAGE_TARNAME "sphinxtrain"
| #define PACKAGE_VERSION "5prealpha"
| #define PACKAGE_STRING "SphinxTrain 5prealpha"
| #define PACKAGE_BUGREPORT ""
| #define PACKAGE_URL ""
| /* end confdefs.h.  */
| #include <ac_nonexistent.h>
configure:4627: result: gcc -E
configure:4647: gcc -E  conftest.c
configure:4647: $? = 0
configure:4661: gcc -E  conftest.c
conftest.c:9:28: fatal error: ac_nonexistent.h: No such file or directory
compilation terminated.
configure:4661: $? = 1
configure: failed program was:
| /* confdefs.h */
| #define PACKAGE_NAME "SphinxTrain"
| #define PACKAGE_TARNAME "sphinxtrain"
| #define PACKAGE_VERSION "5prealpha"
| #define PACKAGE_STRING "SphinxTrain 5prealpha"
| #define PACKAGE_BUGREPORT ""
| #define PACKAGE_URL ""
| /* end confdefs.h.  */
| #include <ac_nonexistent.h>
configure:4690: checking for grep that handles long lines and -e
configure:4748: result: /bin/grep
configure:4753: checking for egrep
configure:4815: result: /bin/grep -E
configure:4820: checking for ANSI C header files
configure:4840: gcc -c -g -O2  conftest.c >&5
configure:4840: $? = 0
configure:4913: gcc -o conftest -g -O2   conftest.c  >&5
configure:4913: $? = 0
configure:4913: ./conftest
configure:4913: $? = 0
configure:4924: result: yes
configure:4937: checking for sys/types.h
configure:4937: gcc -c -g -O2  conftest.c >&5
configure:4937: $? = 0
configure:4937: result: yes
configure:4937: checking for sys/stat.h
configure:4937: gcc -c -g -O2  conftest.c >&5
configure:4937: $? = 0
configure:4937: result: yes
configure:4937: checking for stdlib.h
configure:4937: gcc -c -g -O2  conftest.c >&5
configure:4937: $? = 0
configure:4937: result: yes
configure:4937: checking for string.h
configure:4937: gcc -c -g -O2  conftest.c >&5
configure:4937: $? = 0
configure:4937: result: yes
configure:4937: checking for memory.h
configure:4937: gcc -c -g -O2  conftest.c >&5
configure:4937: $? = 0
configure:4937: result: yes
configure:4937: checking for strings.h
configure:4937: gcc -c -g -O2  conftest.c >&5
configure:4937: $? = 0
configure:4937: result: yes
configure:4937: checking for inttypes.h
configure:4937: gcc -c -g -O2  conftest.c >&5
configure:4937: $? = 0
configure:4937: result: yes
configure:4937: checking for stdint.h
configure:4937: gcc -c -g -O2  conftest.c >&5
configure:4937: $? = 0
configure:4937: result: yes
configure:4937: checking for unistd.h
configure:4937: gcc -c -g -O2  conftest.c >&5
configure:4937: $? = 0
configure:4937: result: yes
configure:4949: checking whether byte ordering is bigendian
configure:4964: gcc -c -g -O2  conftest.c >&5
conftest.c:20:9: error: unknown type name 'not'
         not a universal capable compiler
         ^
conftest.c:20:15: error: expected '=', ',', ';', 'asm' or '__attribute__' before 'universal'
         not a universal capable compiler
               ^
conftest.c:20:15: error: unknown type name 'universal'
configure:4964: $? = 1
configure: failed program was:
| /* confdefs.h */
| #define PACKAGE_NAME "SphinxTrain"
| #define PACKAGE_TARNAME "sphinxtrain"
| #define PACKAGE_VERSION "5prealpha"
| #define PACKAGE_STRING "SphinxTrain 5prealpha"
| #define PACKAGE_BUGREPORT ""
| #define PACKAGE_URL ""
| #define STDC_HEADERS 1
| #define HAVE_SYS_TYPES_H 1
| #define HAVE_SYS_STAT_H 1
| #define HAVE_STDLIB_H 1
| #define HAVE_STRING_H 1
| #define HAVE_MEMORY_H 1
| #define HAVE_STRINGS_H 1
| #define HAVE_INTTYPES_H 1
| #define HAVE_STDINT_H 1
| #define HAVE_UNISTD_H 1
| /* end confdefs.h.  */
| #ifndef __APPLE_CC__
| 	       not a universal capable compiler
| 	     #endif
| 	     typedef int dummy;
| 
configure:5009: gcc -c -g -O2  conftest.c >&5
configure:5009: $? = 0
configure:5027: gcc -c -g -O2  conftest.c >&5
conftest.c: In function 'main':
conftest.c:26:4: error: unknown type name 'not'
    not big endian
    ^
conftest.c:26:12: error: expected '=', ',', ';', 'asm' or '__attribute__' before 'endian'
    not big endian
            ^
configure:5027: $? = 1
configure: failed program was:
| /* confdefs.h */
| #define PACKAGE_NAME "SphinxTrain"
| #define PACKAGE_TARNAME "sphinxtrain"
| #define PACKAGE_VERSION "5prealpha"
| #define PACKAGE_STRING "SphinxTrain 5prealpha"
| #define PACKAGE_BUGREPORT ""
| #define PACKAGE_URL ""
| #define STDC_HEADERS 1
| #define HAVE_SYS_TYPES_H 1
| #define HAVE_SYS_STAT_H 1
| #define HAVE_STDLIB_H 1
| #define HAVE_STRING_H 1
| #define HAVE_MEMORY_H 1
| #define HAVE_STRINGS_H 1
| #define HAVE_INTTYPES_H 1
| #define HAVE_STDINT_H 1
| #define HAVE_UNISTD_H 1
| /* end confdefs.h.  */
| #include <sys/types.h>
| 		#include <sys/param.h>
| 
| int
| main ()
| {
| #if BYTE_ORDER != BIG_ENDIAN
| 		 not big endian
| 		#endif
| 
|   ;
|   return 0;
| }
configure:5155: result: no
configure:5220: checking how to print strings
configure:5247: result: printf
configure:5268: checking for a sed that does not truncate output
configure:5332: result: /bin/sed
configure:5350: checking for fgrep
configure:5412: result: /bin/grep -F
configure:5447: checking for ld used by gcc
configure:5514: result: /usr/bin/ld
configure:5521: checking if the linker (/usr/bin/ld) is GNU ld
configure:5536: result: yes
configure:5548: checking for BSD- or MS-compatible name lister (nm)
configure:5597: result: /usr/bin/nm -B
configure:5727: checking the name lister (/usr/bin/nm -B) interface
configure:5734: gcc -c -g -O2  conftest.c >&5
configure:5737: /usr/bin/nm -B "conftest.o"
configure:5740: output
0000000000000000 B some_variable
configure:5747: result: BSD nm
configure:5750: checking whether ln -s works
configure:5754: result: yes
configure:5762: checking the maximum length of command line arguments
configure:5893: result: 1572864
configure:5910: checking whether the shell understands some XSI constructs
configure:5920: result: yes
configure:5924: checking whether the shell understands "+="
configure:5930: result: yes
configure:5965: checking how to convert x86_64-unknown-linux-gnu file names to x86_64-unknown-linux-gnu format
configure:6005: result: func_convert_file_noop
configure:6012: checking how to convert x86_64-unknown-linux-gnu file names to toolchain format
configure:6032: result: func_convert_file_noop
configure:6039: checking for /usr/bin/ld option to reload object files
configure:6046: result: -r
configure:6120: checking for objdump
configure:6136: found /usr/bin/objdump
configure:6147: result: objdump
configure:6179: checking how to recognize dependent libraries
configure:6377: result: pass_all
configure:6462: checking for dlltool
configure:6492: result: no
configure:6522: checking how to associate runtime and link libraries
configure:6549: result: printf %s\n
configure:6609: checking for ar
configure:6625: found /usr/bin/ar
configure:6636: result: ar
configure:6673: checking for archiver @FILE support
configure:6690: gcc -c -g -O2  conftest.c >&5
configure:6690: $? = 0
configure:6693: ar cru libconftest.a @conftest.lst >&5
ar: `u' modifier ignored since `D' is the default (see `U')
configure:6696: $? = 0
configure:6701: ar cru libconftest.a @conftest.lst >&5
ar: `u' modifier ignored since `D' is the default (see `U')
ar: conftest.o: No such file or directory
configure:6704: $? = 1
configure:6716: result: @
configure:6774: checking for strip
configure:6790: found /usr/bin/strip
configure:6801: result: strip
configure:6873: checking for ranlib
configure:6889: found /usr/bin/ranlib
configure:6900: result: ranlib
configure:7002: checking command to parse /usr/bin/nm -B output from gcc object
configure:7122: gcc -c -g -O2  conftest.c >&5
configure:7125: $? = 0
configure:7129: /usr/bin/nm -B conftest.o \| sed -n -e 's/^.*[ ]\([ABCDGIRSTW][ABCDGIRSTW]*\)[ ][ ]*\([_A-Za-z][_A-Za-z0-9]*\)$/\1 \2 \2/p' | sed '/ __gnu_lto/d' \> conftest.nm
configure:7132: $? = 0
configure:7198: gcc -o conftest -g -O2   conftest.c conftstm.o >&5
configure:7201: $? = 0
configure:7239: result: ok
configure:7276: checking for sysroot
configure:7306: result: no
configure:7383: gcc -c -g -O2  conftest.c >&5
configure:7386: $? = 0
configure:7575: checking for mt
configure:7591: found /bin/mt
configure:7602: result: mt
configure:7625: checking if mt is a manifest tool
configure:7631: mt '-?'
configure:7639: result: no
configure:8278: checking for dlfcn.h
configure:8278: gcc -c -g -O2  conftest.c >&5
configure:8278: $? = 0
configure:8278: result: yes
configure:8495: checking for objdir
configure:8510: result: .libs
configure:8781: checking if gcc supports -fno-rtti -fno-exceptions
configure:8799: gcc -c -g -O2  -fno-rtti -fno-exceptions conftest.c >&5
cc1: warning: command line option '-fno-rtti' is valid for C++/ObjC++ but not for C
configure:8803: $? = 0
configure:8816: result: no
configure:9143: checking for gcc option to produce PIC
configure:9150: result: -fPIC -DPIC
configure:9158: checking if gcc PIC flag -fPIC -DPIC works
configure:9176: gcc -c -g -O2  -fPIC -DPIC -DPIC conftest.c >&5
configure:9180: $? = 0
configure:9193: result: yes
configure:9222: checking if gcc static flag -static works
configure:9250: result: yes
configure:9265: checking if gcc supports -c -o file.o
configure:9286: gcc -c -g -O2  -o out/conftest2.o conftest.c >&5
configure:9290: $? = 0
configure:9312: result: yes
configure:9320: checking if gcc supports -c -o file.o
configure:9367: result: yes
configure:9400: checking whether the gcc linker (/usr/bin/ld -m elf_x86_64) supports shared libraries
configure:10557: result: yes
configure:10594: checking whether -lc should be explicitly linked in
configure:10602: gcc -c -g -O2  conftest.c >&5
configure:10605: $? = 0
configure:10620: gcc -shared  -fPIC -DPIC conftest.o  -v -Wl,-soname -Wl,conftest -o conftest 2\>\&1 \| /bin/grep  -lc  \>/dev/null 2\>\&1
configure:10623: $? = 0
configure:10637: result: no
configure:10797: checking dynamic linker characteristics
configure:11297: gcc -o conftest -g -O2   -Wl,-rpath -Wl,/foo conftest.c  >&5
configure:11297: $? = 0
configure:11531: result: GNU/Linux ld.so
configure:11638: checking how to hardcode library paths into programs
configure:11663: result: immediate
configure:12203: checking whether stripping libraries is possible
configure:12208: result: yes
configure:12243: checking if libtool supports shared libraries
configure:12245: result: yes
configure:12248: checking whether to build shared libraries
configure:12269: result: yes
configure:12272: checking whether to build static libraries
configure:12276: result: yes
configure:12299: checking how to run the C++ preprocessor
configure:12326: g++ -E  conftest.cpp
configure:12326: $? = 0
configure:12340: g++ -E  conftest.cpp
conftest.cpp:21:28: fatal error: ac_nonexistent.h: No such file or directory
compilation terminated.
configure:12340: $? = 1
configure: failed program was:
| /* confdefs.h */
| #define PACKAGE_NAME "SphinxTrain"
| #define PACKAGE_TARNAME "sphinxtrain"
| #define PACKAGE_VERSION "5prealpha"
| #define PACKAGE_STRING "SphinxTrain 5prealpha"
| #define PACKAGE_BUGREPORT ""
| #define PACKAGE_URL ""
| #define STDC_HEADERS 1
| #define HAVE_SYS_TYPES_H 1
| #define HAVE_SYS_STAT_H 1
| #define HAVE_STDLIB_H 1
| #define HAVE_STRING_H 1
| #define HAVE_MEMORY_H 1
| #define HAVE_STRINGS_H 1
| #define HAVE_INTTYPES_H 1
| #define HAVE_STDINT_H 1
| #define HAVE_UNISTD_H 1
| #define HAVE_DLFCN_H 1
| #define LT_OBJDIR ".libs/"
| /* end confdefs.h.  */
| #include <ac_nonexistent.h>
configure:12365: result: g++ -E
configure:12385: g++ -E  conftest.cpp
configure:12385: $? = 0
configure:12399: g++ -E  conftest.cpp
conftest.cpp:21:28: fatal error: ac_nonexistent.h: No such file or directory
compilation terminated.
configure:12399: $? = 1
configure: failed program was:
| /* confdefs.h */
| #define PACKAGE_NAME "SphinxTrain"
| #define PACKAGE_TARNAME "sphinxtrain"
| #define PACKAGE_VERSION "5prealpha"
| #define PACKAGE_STRING "SphinxTrain 5prealpha"
| #define PACKAGE_BUGREPORT ""
| #define PACKAGE_URL ""
| #define STDC_HEADERS 1
| #define HAVE_SYS_TYPES_H 1
| #define HAVE_SYS_STAT_H 1
| #define HAVE_STDLIB_H 1
| #define HAVE_STRING_H 1
| #define HAVE_MEMORY_H 1
| #define HAVE_STRINGS_H 1
| #define HAVE_INTTYPES_H 1
| #define HAVE_STDINT_H 1
| #define HAVE_UNISTD_H 1
| #define HAVE_DLFCN_H 1
| #define LT_OBJDIR ".libs/"
| /* end confdefs.h.  */
| #include <ac_nonexistent.h>
configure:12568: checking for ld used by g++
configure:12635: result: /usr/bin/ld -m elf_x86_64
configure:12642: checking if the linker (/usr/bin/ld -m elf_x86_64) is GNU ld
configure:12657: result: yes
configure:12712: checking whether the g++ linker (/usr/bin/ld -m elf_x86_64) supports shared libraries
configure:13714: result: yes
configure:13750: g++ -c -g -O2  conftest.cpp >&5
configure:13753: $? = 0
configure:14273: checking for g++ option to produce PIC
configure:14280: result: -fPIC -DPIC
configure:14288: checking if g++ PIC flag -fPIC -DPIC works
configure:14306: g++ -c -g -O2  -fPIC -DPIC -DPIC conftest.cpp >&5
configure:14310: $? = 0
configure:14323: result: yes
configure:14346: checking if g++ static flag -static works
configure:14374: result: yes
configure:14386: checking if g++ supports -c -o file.o
configure:14407: g++ -c -g -O2  -o out/conftest2.o conftest.cpp >&5
configure:14411: $? = 0
configure:14433: result: yes
configure:14438: checking if g++ supports -c -o file.o
configure:14485: result: yes
configure:14515: checking whether the g++ linker (/usr/bin/ld -m elf_x86_64) supports shared libraries
configure:14554: result: yes
configure:14695: checking dynamic linker characteristics
configure:15363: result: GNU/Linux ld.so
configure:15416: checking how to hardcode library paths into programs
configure:15441: result: immediate
configure:15503: checking for log in -lm
configure:15528: gcc -o conftest -g -O2   conftest.c -lm   >&5
conftest.c:28:6: warning: conflicting types for built-in function 'log'
 char log ();
      ^
configure:15528: $? = 0
configure:15537: result: yes
configure:15548: checking for d_log in -lg2c
configure:15573: gcc -o conftest -g -O2   conftest.c -lg2c  -lm  >&5
/usr/bin/ld: cannot find -lg2c
collect2: error: ld returned 1 exit status
configure:15573: $? = 1
configure: failed program was:
| /* confdefs.h */
| #define PACKAGE_NAME "SphinxTrain"
| #define PACKAGE_TARNAME "sphinxtrain"
| #define PACKAGE_VERSION "5prealpha"
| #define PACKAGE_STRING "SphinxTrain 5prealpha"
| #define PACKAGE_BUGREPORT ""
| #define PACKAGE_URL ""
| #define STDC_HEADERS 1
| #define HAVE_SYS_TYPES_H 1
| #define HAVE_SYS_STAT_H 1
| #define HAVE_STDLIB_H 1
| #define HAVE_STRING_H 1
| #define HAVE_MEMORY_H 1
| #define HAVE_STRINGS_H 1
| #define HAVE_INTTYPES_H 1
| #define HAVE_STDINT_H 1
| #define HAVE_UNISTD_H 1
| #define HAVE_DLFCN_H 1
| #define LT_OBJDIR ".libs/"
| #define HAVE_LIBM 1
| /* end confdefs.h.  */
| 
| /* Override any GCC internal prototype to avoid an error.
|    Use char because int might match the return type of a GCC
|    builtin and then its argument prototype would still apply.  */
| #ifdef __cplusplus
| extern "C"
| #endif
| char d_log ();
| int
| main ()
| {
| return d_log ();
|   ;
|   return 0;
| }
configure:15582: result: no
configure:15598: checking for perl5
configure:15631: result: no
configure:15598: checking for perl
configure:15616: found /usr/bin/perl
configure:15628: result: /usr/bin/perl
configure:15688: checking for sphinxbase in /home/samiksha/Acoustic_model_Indian_Accent/sphinxtrain/../sphinxbase
configure:15692: result: yes
configure:15939: checking for /home/samiksha/Acoustic_model_Indian_Accent/sphinxtrain/../sphinxbase/include/sphinxbase/prim_type.h
configure:15953: result: yes
configure:15967: checking for /home/samiksha/Acoustic_model_Indian_Accent/sphinxtrain/../sphinxbase/src/libsphinxbase/libsphinxbase.la
configure:15981: result: yes
configure:16184: checking that generated files are newer than configure
configure:16190: result: done
configure:16222: creating ./config.status

## ---------------------- ##
## Running config.status. ##
## ---------------------- ##

This file was extended by SphinxTrain config.status 5prealpha, which was
generated by GNU Autoconf 2.69.  Invocation command line was

  CONFIG_FILES    = 
  CONFIG_HEADERS  = 
  CONFIG_LINKS    = 
  CONFIG_COMMANDS = 
  $ ./config.status 

on CC-samiksha-D

config.status:1196: creating Makefile
config.status:1196: creating etc/Makefile
config.status:1196: creating include/Makefile
config.status:1196: creating python/Makefile
config.status:1196: creating scripts/Makefile
config.status:1196: creating src/Makefile
config.status:1196: creating src/programs/Makefile
config.status:1196: creating src/libs/Makefile
config.status:1196: creating src/libs/libclust/Makefile
config.status:1196: creating src/libs/libcommon/Makefile
config.status:1196: creating src/libs/libio/Makefile
config.status:1196: creating src/libs/libmllr/Makefile
config.status:1196: creating src/libs/libmodinv/Makefile
config.status:1196: creating src/programs/agg_seg/Makefile
config.status:1196: creating src/programs/bldtree/Makefile
config.status:1196: creating src/programs/bw/Makefile
config.status:1196: creating src/programs/cdcn_norm/Makefile
config.status:1196: creating src/programs/cdcn_train/Makefile
config.status:1196: creating src/programs/cp_parm/Makefile
config.status:1196: creating src/programs/delint/Makefile
config.status:1196: creating src/programs/inc_comp/Makefile
config.status:1196: creating src/programs/init_gau/Makefile
config.status:1196: creating src/programs/init_mixw/Makefile
config.status:1196: creating src/programs/g2p_eval/Makefile
config.status:1196: creating src/programs/g2p_train/Makefile
config.status:1196: creating src/programs/kdtree/Makefile
config.status:1196: creating src/programs/kmeans_init/Makefile
config.status:1196: creating src/programs/make_quests/Makefile
config.status:1196: creating src/programs/map_adapt/Makefile
config.status:1196: creating src/programs/mixw_interp/Makefile
config.status:1196: creating src/programs/mk_flat/Makefile
config.status:1196: creating src/programs/mk_mdef_gen/Makefile
config.status:1196: creating src/programs/mk_mllr_class/Makefile
config.status:1196: creating src/programs/mk_s2sendump/Makefile
config.status:1196: creating src/programs/mk_ts2cb/Makefile
config.status:1196: creating src/programs/mllr_solve/Makefile
config.status:1196: creating src/programs/mllr_transform/Makefile
config.status:1196: creating src/programs/norm/Makefile
config.status:1196: creating src/programs/param_cnt/Makefile
config.status:1196: creating src/programs/printp/Makefile
config.status:1196: creating src/programs/prunetree/Makefile
config.status:1196: creating src/programs/tiestate/Makefile
config.status:1196: creating test/Makefile
config.status:1196: creating include/config.h
config.status:1377: include/config.h is unchanged
config.status:1425: executing depfiles commands
config.status:1425: executing libtool commands

## ---------------- ##
## Cache variables. ##
## ---------------- ##

ac_cv_build=x86_64-unknown-linux-gnu
ac_cv_c_bigendian=no
ac_cv_c_compiler_gnu=yes
ac_cv_cxx_compiler_gnu=yes
ac_cv_env_CCC_set=
ac_cv_env_CCC_value=
ac_cv_env_CC_set=
ac_cv_env_CC_value=
ac_cv_env_CFLAGS_set=
ac_cv_env_CFLAGS_value=
ac_cv_env_CPPFLAGS_set=
ac_cv_env_CPPFLAGS_value=
ac_cv_env_CPP_set=
ac_cv_env_CPP_value=
ac_cv_env_CXXCPP_set=
ac_cv_env_CXXCPP_value=
ac_cv_env_CXXFLAGS_set=
ac_cv_env_CXXFLAGS_value=
ac_cv_env_CXX_set=
ac_cv_env_CXX_value=
ac_cv_env_LDFLAGS_set=
ac_cv_env_LDFLAGS_value=
ac_cv_env_LIBS_set=
ac_cv_env_LIBS_value=
ac_cv_env_PKG_CONFIG_set=
ac_cv_env_PKG_CONFIG_value=
ac_cv_env_SphinxBase_CFLAGS_set=
ac_cv_env_SphinxBase_CFLAGS_value=
ac_cv_env_SphinxBase_LIBS_set=
ac_cv_env_SphinxBase_LIBS_value=
ac_cv_env_build_alias_set=
ac_cv_env_build_alias_value=
ac_cv_env_host_alias_set=
ac_cv_env_host_alias_value=
ac_cv_env_target_alias_set=
ac_cv_env_target_alias_value=
ac_cv_file__home_samiksha_Acoustic_model_Indian_Accent_sphinxtrain____sphinxbase_include_sphinxbase_prim_type_h=yes
ac_cv_file__home_samiksha_Acoustic_model_Indian_Accent_sphinxtrain____sphinxbase_src_libsphinxbase_libsphinxbase_la=yes
ac_cv_header_dlfcn_h=yes
ac_cv_header_inttypes_h=yes
ac_cv_header_memory_h=yes
ac_cv_header_stdc=yes
ac_cv_header_stdint_h=yes
ac_cv_header_stdlib_h=yes
ac_cv_header_string_h=yes
ac_cv_header_strings_h=yes
ac_cv_header_sys_stat_h=yes
ac_cv_header_sys_types_h=yes
ac_cv_header_unistd_h=yes
ac_cv_host=x86_64-unknown-linux-gnu
ac_cv_lib_g2c_d_log=no
ac_cv_lib_m_log=yes
ac_cv_objext=o
ac_cv_path_EGREP='/bin/grep -E'
ac_cv_path_FGREP='/bin/grep -F'
ac_cv_path_GREP=/bin/grep
ac_cv_path_PERL=/usr/bin/perl
ac_cv_path_SED=/bin/sed
ac_cv_path_install='/usr/bin/install -c'
ac_cv_path_mkdir=/bin/mkdir
ac_cv_prog_AWK=mawk
ac_cv_prog_CPP='gcc -E'
ac_cv_prog_CXXCPP='g++ -E'
ac_cv_prog_ac_ct_AR=ar
ac_cv_prog_ac_ct_CC=gcc
ac_cv_prog_ac_ct_CXX=g++
ac_cv_prog_ac_ct_MANIFEST_TOOL=mt
ac_cv_prog_ac_ct_OBJDUMP=objdump
ac_cv_prog_ac_ct_RANLIB=ranlib
ac_cv_prog_ac_ct_STRIP=strip
ac_cv_prog_cc_c89=
ac_cv_prog_cc_g=yes
ac_cv_prog_cxx_g=yes
ac_cv_prog_make_make_set=yes
am_cv_CC_dependencies_compiler_type=gcc3
am_cv_CXX_dependencies_compiler_type=gcc3
am_cv_make_support_nested_variables=yes
am_cv_prog_cc_c_o=yes
lt_cv_ar_at_file=@
lt_cv_archive_cmds_need_lc=no
lt_cv_deplibs_check_method=pass_all
lt_cv_file_magic_cmd='$MAGIC_CMD'
lt_cv_file_magic_test_file=
lt_cv_ld_reload_flag=-r
lt_cv_nm_interface='BSD nm'
lt_cv_objdir=.libs
lt_cv_path_LD=/usr/bin/ld
lt_cv_path_LDCXX='/usr/bin/ld -m elf_x86_64'
lt_cv_path_NM='/usr/bin/nm -B'
lt_cv_path_mainfest_tool=no
lt_cv_prog_compiler_c_o=yes
lt_cv_prog_compiler_c_o_CXX=yes
lt_cv_prog_compiler_pic='-fPIC -DPIC'
lt_cv_prog_compiler_pic_CXX='-fPIC -DPIC'
lt_cv_prog_compiler_pic_works=yes
lt_cv_prog_compiler_pic_works_CXX=yes
lt_cv_prog_compiler_rtti_exceptions=no
lt_cv_prog_compiler_static_works=yes
lt_cv_prog_compiler_static_works_CXX=yes
lt_cv_prog_gnu_ld=yes
lt_cv_prog_gnu_ldcxx=yes
lt_cv_sharedlib_from_linklib_cmd='printf %s\n'
lt_cv_shlibpath_overrides_runpath=no
lt_cv_sys_global_symbol_pipe='sed -n -e '\''s/^.*[	 ]\([ABCDGIRSTW][ABCDGIRSTW]*\)[	 ][	 ]*\([_A-Za-z][_A-Za-z0-9]*\)$/\1 \2 \2/p'\'' | sed '\''/ __gnu_lto/d'\'''
lt_cv_sys_global_symbol_to_c_name_address='sed -n -e '\''s/^: \([^ ]*\)[ ]*$/  {\"\1\", (void *) 0},/p'\'' -e '\''s/^[ABCDGIRSTW]* \([^ ]*\) \([^ ]*\)$/  {"\2", (void *) \&\2},/p'\'''
lt_cv_sys_global_symbol_to_c_name_address_lib_prefix='sed -n -e '\''s/^: \([^ ]*\)[ ]*$/  {\"\1\", (void *) 0},/p'\'' -e '\''s/^[ABCDGIRSTW]* \([^ ]*\) \(lib[^ ]*\)$/  {"\2", (void *) \&\2},/p'\'' -e '\''s/^[ABCDGIRSTW]* \([^ ]*\) \([^ ]*\)$/  {"lib\2", (void *) \&\2},/p'\'''
lt_cv_sys_global_symbol_to_cdecl='sed -n -e '\''s/^T .* \(.*\)$/extern int \1();/p'\'' -e '\''s/^[ABCDGIRSTW]* .* \(.*\)$/extern char \1;/p'\'''
lt_cv_sys_max_cmd_len=1572864
lt_cv_to_host_file_cmd=func_convert_file_noop
lt_cv_to_tool_file_cmd=func_convert_file_noop

## ----------------- ##
## Output variables. ##
## ----------------- ##

ACLOCAL='${SHELL} /home/samiksha/Acoustic_model_Indian_Accent/sphinxtrain/missing aclocal-1.15'
AMDEPBACKSLASH='\'
AMDEP_FALSE='#'
AMDEP_TRUE=''
AMTAR='$${TAR-tar}'
AM_BACKSLASH='\'
AM_DEFAULT_V='$(AM_DEFAULT_VERBOSITY)'
AM_DEFAULT_VERBOSITY='1'
AM_V='$(V)'
AR='ar'
AUTOCONF='${SHELL} /home/samiksha/Acoustic_model_Indian_Accent/sphinxtrain/missing autoconf'
AUTOHEADER='${SHELL} /home/samiksha/Acoustic_model_Indian_Accent/sphinxtrain/missing autoheader'
AUTOMAKE='${SHELL} /home/samiksha/Acoustic_model_Indian_Accent/sphinxtrain/missing automake-1.15'
AWK='mawk'
CC='gcc'
CCDEPMODE='depmode=gcc3'
CFLAGS='-g -O2 -fPIC -DPIC'
CPP='gcc -E'
CPPFLAGS='-I/home/samiksha/Acoustic_model_Indian_Accent/sphinxtrain/../sphinxbase/include -I/home/samiksha/Acoustic_model_Indian_Accent/sphinxtrain/../sphinxbase/include '
CXX='g++'
CXXCPP='g++ -E'
CXXDEPMODE='depmode=gcc3'
CXXFLAGS='-g -O2'
CYGPATH_W='echo'
DEFS='-DHAVE_CONFIG_H'
DEPDIR='.deps'
DLLTOOL='false'
DSYMUTIL=''
DUMPBIN=''
ECHO_C=''
ECHO_N='-n'
ECHO_T=''
EGREP='/bin/grep -E'
EXEEXT=''
FGREP='/bin/grep -F'
G2P_DECODER_FALSE=''
G2P_DECODER_TRUE='#'
GREP='/bin/grep'
INSTALL_DATA='${INSTALL} -m 644'
INSTALL_PROGRAM='${INSTALL}'
INSTALL_SCRIPT='${INSTALL}'
INSTALL_STRIP_PROGRAM='$(install_sh) -c -s'
LD='/usr/bin/ld -m elf_x86_64'
LDFLAGS=' -L/home/samiksha/Acoustic_model_Indian_Accent/sphinxtrain/../sphinxbase/src/libsphinxad 		  -L/home/samiksha/Acoustic_model_Indian_Accent/sphinxtrain/../sphinxbase/src/libsphinxbase 		  -L/home/samiksha/Acoustic_model_Indian_Accent/sphinxtrain/../sphinxbase/src/libsphinxbase/.libs'
LIBOBJS=''
LIBS='-lm  -lsphinxbase'
LIBTOOL='$(SHELL) $(top_builddir)/libtool'
LIPO=''
LN_S='ln -s'
LTLIBOBJS=''
MAKEINFO='${SHELL} /home/samiksha/Acoustic_model_Indian_Accent/sphinxtrain/missing makeinfo'
MANIFEST_TOOL=':'
MKDIR_P='/bin/mkdir -p'
NM='/usr/bin/nm -B'
NMEDIT=''
OBJDUMP='objdump'
OBJEXT='o'
OPENFST_CFLAGS=''
OPENFST_LIBS=''
OTOOL64=''
OTOOL=''
PACKAGE='sphinxtrain'
PACKAGE_BUGREPORT=''
PACKAGE_NAME='SphinxTrain'
PACKAGE_STRING='SphinxTrain 5prealpha'
PACKAGE_TARNAME='sphinxtrain'
PACKAGE_URL=''
PACKAGE_VERSION='5prealpha'
PATH_SEPARATOR=':'
PERL='/usr/bin/perl'
PKG_CONFIG=''
RANLIB='ranlib'
SED='/bin/sed'
SET_MAKE=''
SHELL='/bin/bash'
STRIP='strip'
SphinxBase_CFLAGS=''
SphinxBase_LIBS=''
VERSION='5prealpha'
ac_ct_AR='ar'
ac_ct_CC='gcc'
ac_ct_CXX='g++'
ac_ct_DUMPBIN=''
am__EXEEXT_FALSE=''
am__EXEEXT_TRUE='#'
am__fastdepCC_FALSE='#'
am__fastdepCC_TRUE=''
am__fastdepCXX_FALSE='#'
am__fastdepCXX_TRUE=''
am__include='include'
am__isrc=''
am__leading_dot='.'
am__nodep='_no'
am__quote=''
am__tar='$${TAR-tar} chof - "$$tardir"'
am__untar='$${TAR-tar} xf -'
bindir='${exec_prefix}/bin'
build='x86_64-unknown-linux-gnu'
build_alias=''
build_cpu='x86_64'
build_os='linux-gnu'
build_vendor='unknown'
datadir='${datarootdir}'
datarootdir='${prefix}/share'
docdir='${datarootdir}/doc/${PACKAGE_TARNAME}'
dvidir='${docdir}'
exec_prefix='${prefix}'
host='x86_64-unknown-linux-gnu'
host_alias=''
host_cpu='x86_64'
host_os='linux-gnu'
host_vendor='unknown'
htmldir='${docdir}'
includedir='${prefix}/include'
infodir='${datarootdir}/info'
install_sh='${SHELL} /home/samiksha/Acoustic_model_Indian_Accent/sphinxtrain/install-sh'
libdir='${exec_prefix}/lib'
libexecdir='${exec_prefix}/libexec'
localedir='${datarootdir}/locale'
localstatedir='${prefix}/var'
mandir='${datarootdir}/man'
mkdir_p='$(MKDIR_P)'
oldincludedir='/usr/include'
pdfdir='${docdir}'
prefix='/usr/local'
program_transform_name='s,x,x,'
psdir='${docdir}'
sbindir='${exec_prefix}/sbin'
sharedstatedir='${prefix}/com'
sphinxbase='/home/samiksha/Acoustic_model_Indian_Accent/sphinxtrain/../sphinxbase'
sphinxbasebuild='/home/samiksha/Acoustic_model_Indian_Accent/sphinxtrain/../sphinxbase'
sysconfdir='${prefix}/etc'
target_alias=''

## ----------- ##
## confdefs.h. ##
## ----------- ##

/* confdefs.h */
#define PACKAGE_NAME "SphinxTrain"
#define PACKAGE_TARNAME "sphinxtrain"
#define PACKAGE_VERSION "5prealpha"
#define PACKAGE_STRING "SphinxTrain 5prealpha"
#define PACKAGE_BUGREPORT ""
#define PACKAGE_URL ""
#define STDC_HEADERS 1
#define HAVE_SYS_TYPES_H 1
#define HAVE_SYS_STAT_H 1
#define HAVE_STDLIB_H 1
#define HAVE_STRING_H 1
#define HAVE_MEMORY_H 1
#define HAVE_STRINGS_H 1
#define HAVE_INTTYPES_H 1
#define HAVE_STDINT_H 1
#define HAVE_UNISTD_H 1
#define HAVE_DLFCN_H 1
#define LT_OBJDIR ".libs/"
#define HAVE_LIBM 1

configure: exit 0
